<?xml version="1.0" encoding="UTF-8"?>
<testsuite name="com.ait.assignment.MotorbikeShopApplicationIT" tests="4" skipped="0" failures="0" errors="0" timestamp="2022-01-27T10:30:49" hostname="DESKTOP-G4LP6HK" time="0.767">
  <properties/>
  <testcase name="getsAllRides()" classname="com.ait.assignment.MotorbikeShopApplicationIT" time="0.608"/>
  <testcase name="getsSingleRide()" classname="com.ait.assignment.MotorbikeShopApplicationIT" time="0.049"/>
  <testcase name="returnsNotFoundForInvalidSingleRide()" classname="com.ait.assignment.MotorbikeShopApplicationIT" time="0.023"/>
  <testcase name="addsNewRide()" classname="com.ait.assignment.MotorbikeShopApplicationIT" time="0.081"/>
  <system-out><![CDATA[10:30:40.701 [Test worker] DEBUG org.springframework.test.context.BootstrapUtils - Instantiating CacheAwareContextLoaderDelegate from class [org.springframework.test.context.cache.DefaultCacheAwareContextLoaderDelegate]
10:30:40.717 [Test worker] DEBUG org.springframework.test.context.BootstrapUtils - Instantiating BootstrapContext using constructor [public org.springframework.test.context.support.DefaultBootstrapContext(java.lang.Class,org.springframework.test.context.CacheAwareContextLoaderDelegate)]
10:30:40.780 [Test worker] DEBUG org.springframework.test.context.BootstrapUtils - Instantiating TestContextBootstrapper for test class [com.ait.assignment.MotorbikeShopApplicationIT] from class [org.springframework.boot.test.context.SpringBootTestContextBootstrapper]
10:30:40.796 [Test worker] INFO org.springframework.boot.test.context.SpringBootTestContextBootstrapper - Neither @ContextConfiguration nor @ContextHierarchy found for test class [com.ait.assignment.MotorbikeShopApplicationIT], using SpringBootContextLoader
10:30:40.796 [Test worker] DEBUG org.springframework.test.context.support.AbstractContextLoader - Did not detect default resource location for test class [com.ait.assignment.MotorbikeShopApplicationIT]: class path resource [com/ait/assignment/MotorbikeShopApplicationIT-context.xml] does not exist
10:30:40.796 [Test worker] DEBUG org.springframework.test.context.support.AbstractContextLoader - Did not detect default resource location for test class [com.ait.assignment.MotorbikeShopApplicationIT]: class path resource [com/ait/assignment/MotorbikeShopApplicationITContext.groovy] does not exist
10:30:40.796 [Test worker] INFO org.springframework.test.context.support.AbstractContextLoader - Could not detect default resource locations for test class [com.ait.assignment.MotorbikeShopApplicationIT]: no resource found for suffixes {-context.xml, Context.groovy}.
10:30:40.796 [Test worker] INFO org.springframework.test.context.support.AnnotationConfigContextLoaderUtils - Could not detect default configuration classes for test class [com.ait.assignment.MotorbikeShopApplicationIT]: MotorbikeShopApplicationIT does not declare any static, non-private, non-final, nested classes annotated with @Configuration.
10:30:40.891 [Test worker] DEBUG org.springframework.test.context.support.ActiveProfilesUtils - Could not find an 'annotation declaring class' for annotation type [org.springframework.test.context.ActiveProfiles] and class [com.ait.assignment.MotorbikeShopApplicationIT]
10:30:40.972 [Test worker] DEBUG org.springframework.context.annotation.ClassPathScanningCandidateComponentProvider - Identified candidate component class: file [C:\Users\denis\Documents\continious-integration-and-development\build\classes\java\main\com\ait\assignment\MotorbikeShopApplication.class]
10:30:40.972 [Test worker] INFO org.springframework.boot.test.context.SpringBootTestContextBootstrapper - Found @SpringBootConfiguration com.ait.assignment.MotorbikeShopApplication for test class com.ait.assignment.MotorbikeShopApplicationIT
10:30:41.099 [Test worker] DEBUG org.springframework.boot.test.context.SpringBootTestContextBootstrapper - @TestExecutionListeners is not present for class [com.ait.assignment.MotorbikeShopApplicationIT]: using defaults.
10:30:41.099 [Test worker] INFO org.springframework.boot.test.context.SpringBootTestContextBootstrapper - Loaded default TestExecutionListener class names from location [META-INF/spring.factories]: [org.springframework.boot.test.autoconfigure.restdocs.RestDocsTestExecutionListener, org.springframework.boot.test.autoconfigure.web.client.MockRestServiceServerResetTestExecutionListener, org.springframework.boot.test.autoconfigure.web.servlet.MockMvcPrintOnlyOnFailureTestExecutionListener, org.springframework.boot.test.autoconfigure.web.servlet.WebDriverTestExecutionListener, org.springframework.boot.test.autoconfigure.webservices.client.MockWebServiceServerTestExecutionListener, org.springframework.boot.test.mock.mockito.MockitoTestExecutionListener, org.springframework.boot.test.mock.mockito.ResetMocksTestExecutionListener, org.springframework.test.context.web.ServletTestExecutionListener, org.springframework.test.context.support.DirtiesContextBeforeModesTestExecutionListener, org.springframework.test.context.event.ApplicationEventsTestExecutionListener, org.springframework.test.context.support.DependencyInjectionTestExecutionListener, org.springframework.test.context.support.DirtiesContextTestExecutionListener, org.springframework.test.context.transaction.TransactionalTestExecutionListener, org.springframework.test.context.jdbc.SqlScriptsTestExecutionListener, org.springframework.test.context.event.EventPublishingTestExecutionListener]
10:30:41.146 [Test worker] INFO org.springframework.boot.test.context.SpringBootTestContextBootstrapper - Using TestExecutionListeners: [org.springframework.test.context.web.ServletTestExecutionListener@3b74e351, org.springframework.test.context.support.DirtiesContextBeforeModesTestExecutionListener@79873cc1, org.springframework.test.context.event.ApplicationEventsTestExecutionListener@2327be65, org.springframework.boot.test.mock.mockito.MockitoTestExecutionListener@181eb7e3, org.springframework.boot.test.autoconfigure.SpringBootDependencyInjectionTestExecutionListener@46ca1da, org.springframework.test.context.support.DirtiesContextTestExecutionListener@44cde4a2, org.springframework.test.context.transaction.TransactionalTestExecutionListener@5a87aec8, org.springframework.test.context.jdbc.SqlScriptsTestExecutionListener@374bbbd4, org.springframework.test.context.event.EventPublishingTestExecutionListener@56c8be96, org.springframework.boot.test.autoconfigure.restdocs.RestDocsTestExecutionListener@7d0ba819, org.springframework.boot.test.autoconfigure.web.client.MockRestServiceServerResetTestExecutionListener@1a1db89e, org.springframework.boot.test.autoconfigure.web.servlet.MockMvcPrintOnlyOnFailureTestExecutionListener@70622512, org.springframework.boot.test.autoconfigure.web.servlet.WebDriverTestExecutionListener@634d1986, org.springframework.boot.test.autoconfigure.webservices.client.MockWebServiceServerTestExecutionListener@43263e96, org.springframework.boot.test.mock.mockito.ResetMocksTestExecutionListener@3488a724]
10:30:41.146 [Test worker] DEBUG org.springframework.test.context.support.AbstractDirtiesContextTestExecutionListener - Before test class: context [DefaultTestContext@2d94aa79 testClass = MotorbikeShopApplicationIT, testInstance = [null], testMethod = [null], testException = [null], mergedContextConfiguration = [WebMergedContextConfiguration@60df3010 testClass = MotorbikeShopApplicationIT, locations = '{}', classes = '{class com.ait.assignment.MotorbikeShopApplication}', contextInitializerClasses = '[]', activeProfiles = '{}', propertySourceLocations = '{}', propertySourceProperties = '{org.springframework.boot.test.context.SpringBootTestContextBootstrapper=true}', contextCustomizers = set[org.springframework.boot.test.autoconfigure.actuate.metrics.MetricsExportContextCustomizerFactory$DisableMetricExportContextCustomizer@48be51f8, org.springframework.boot.test.autoconfigure.properties.PropertyMappingContextCustomizer@4b3fa0b3, org.springframework.boot.test.autoconfigure.web.servlet.WebDriverContextCustomizerFactory$Customizer@2979c8f2, [ImportsContextCustomizer@404b80c7 key = [org.springframework.boot.test.autoconfigure.web.servlet.MockMvcAutoConfiguration, org.springframework.boot.test.autoconfigure.web.servlet.MockMvcWebClientAutoConfiguration, org.springframework.boot.test.autoconfigure.web.servlet.MockMvcWebDriverAutoConfiguration, org.springframework.boot.autoconfigure.security.oauth2.client.servlet.OAuth2ClientAutoConfiguration, org.springframework.boot.autoconfigure.security.oauth2.resource.servlet.OAuth2ResourceServerAutoConfiguration, org.springframework.boot.autoconfigure.security.servlet.SecurityAutoConfiguration, org.springframework.boot.autoconfigure.security.servlet.SecurityFilterAutoConfiguration, org.springframework.boot.autoconfigure.security.servlet.UserDetailsServiceAutoConfiguration, org.springframework.boot.test.autoconfigure.web.servlet.MockMvcSecurityConfiguration, org.springframework.boot.test.autoconfigure.web.reactive.WebTestClientAutoConfiguration]], org.springframework.boot.test.context.filter.ExcludeFilterContextCustomizer@17e4b4cc, org.springframework.boot.test.json.DuplicateJsonObjectContextCustomizerFactory$DuplicateJsonObjectContextCustomizer@11ee27aa, org.springframework.boot.test.mock.mockito.MockitoContextCustomizer@0, org.springframework.boot.test.web.client.TestRestTemplateContextCustomizer@48345a3a, org.springframework.boot.test.context.SpringBootTestArgs@1, org.springframework.boot.test.context.SpringBootTestWebEnvironment@b430b41], resourceBasePath = 'src/main/webapp', contextLoader = 'org.springframework.boot.test.context.SpringBootContextLoader', parent = [null]], attributes = map['org.springframework.test.context.web.ServletTestExecutionListener.activateListener' -> true]], class annotated with @DirtiesContext [false] with mode [null].
10:30:41.209 [Test worker] DEBUG org.springframework.boot.ApplicationServletEnvironment - Activating profiles []
10:30:41.209 [Test worker] DEBUG org.springframework.test.context.support.TestPropertySourceUtils - Adding inlined properties to environment: {spring.jmx.enabled=false, org.springframework.boot.test.context.SpringBootTestContextBootstrapper=true}

  .   ____          _            __ _ _
 /\\ / ___'_ __ _ _(_)_ __  __ _ \ \ \ \
( ( )\___ | '_ | '_| | '_ \/ _` | \ \ \ \
 \\/  ___)| |_)| | | | | || (_| |  ) ) ) )
  '  |____| .__|_| |_|_| |_\__, | / / / /
 =========|_|==============|___/=/_/_/_/
 :: Spring Boot ::                (v2.6.1)

2022-01-27 10:30:41.706  INFO 5584 --- [    Test worker] c.a.a.MotorbikeShopApplicationIT         : Starting MotorbikeShopApplicationIT using Java 17.0.1 on DESKTOP-G4LP6HK with PID 5584 (started by denis in C:\Users\denis\Documents\continious-integration-and-development)
2022-01-27 10:30:41.709  INFO 5584 --- [    Test worker] c.a.a.MotorbikeShopApplicationIT         : No active profile set, falling back to default profiles: default
2022-01-27 10:30:43.208  INFO 5584 --- [    Test worker] .s.d.r.c.RepositoryConfigurationDelegate : Bootstrapping Spring Data JPA repositories in DEFAULT mode.
2022-01-27 10:30:43.276  INFO 5584 --- [    Test worker] .s.d.r.c.RepositoryConfigurationDelegate : Finished Spring Data repository scanning in 53 ms. Found 1 JPA repository interfaces.
2022-01-27 10:30:44.280  INFO 5584 --- [    Test worker] com.zaxxer.hikari.HikariDataSource       : HikariPool-1 - Starting...
2022-01-27 10:30:44.666  INFO 5584 --- [    Test worker] com.zaxxer.hikari.HikariDataSource       : HikariPool-1 - Start completed.
2022-01-27 10:30:44.783  INFO 5584 --- [    Test worker] o.hibernate.jpa.internal.util.LogHelper  : HHH000204: Processing PersistenceUnitInfo [name: default]
2022-01-27 10:30:44.866  INFO 5584 --- [    Test worker] org.hibernate.Version                    : HHH000412: Hibernate ORM core version 5.6.1.Final
2022-01-27 10:30:45.208  INFO 5584 --- [    Test worker] o.hibernate.annotations.common.Version   : HCANN000001: Hibernate Commons Annotations {5.1.2.Final}
2022-01-27 10:30:45.433  INFO 5584 --- [    Test worker] org.hibernate.dialect.Dialect            : HHH000400: Using dialect: org.hibernate.dialect.H2Dialect
2022-01-27 10:30:46.942  INFO 5584 --- [    Test worker] o.h.e.t.j.p.i.JtaPlatformInitiator       : HHH000490: Using JtaPlatform implementation: [org.hibernate.engine.transaction.jta.platform.internal.NoJtaPlatform]
2022-01-27 10:30:46.958  INFO 5584 --- [    Test worker] j.LocalContainerEntityManagerFactoryBean : Initialized JPA EntityManagerFactory for persistence unit 'default'
2022-01-27 10:30:48.012  WARN 5584 --- [    Test worker] JpaBaseConfiguration$JpaWebConfiguration : spring.jpa.open-in-view is enabled by default. Therefore, database queries may be performed during view rendering. Explicitly configure spring.jpa.open-in-view to disable this warning
2022-01-27 10:30:49.414  INFO 5584 --- [    Test worker] o.s.b.t.m.w.SpringBootMockServletContext : Initializing Spring TestDispatcherServlet ''
2022-01-27 10:30:49.414  INFO 5584 --- [    Test worker] o.s.t.web.servlet.TestDispatcherServlet  : Initializing Servlet ''
2022-01-27 10:30:49.430  INFO 5584 --- [    Test worker] o.s.b.a.e.web.EndpointLinksResolver      : Exposing 1 endpoint(s) beneath base path '/actuator'
2022-01-27 10:30:49.478  INFO 5584 --- [    Test worker] o.s.t.web.servlet.TestDispatcherServlet  : Completed initialization in 64 ms
2022-01-27 10:30:49.541  INFO 5584 --- [    Test worker] c.a.a.MotorbikeShopApplicationIT         : Started MotorbikeShopApplicationIT in 8.333 seconds (JVM running for 9.972)
]]></system-out>
  <system-err><![CDATA[]]></system-err>
</testsuite>
